App-LearningHub/android/capacitor-cordova-android-plugins/build/intermediates/manifest_merge_blame_file/debug/manifest-merger-blame-debug-report.txt
1<?xml version="1.0" encoding="utf-8"?>
2<manifest xmlns:amazon="http://schemas.amazon.com/apk/res/android"
3    xmlns:android="http://schemas.android.com/apk/res/android"
4    package="capacitor.android.plugins"
5    android:versionCode="1"
6    android:versionName="1.0" >
7
8    <uses-sdk
9        android:minSdkVersion="21"
9-->src/main/AndroidManifest.xml
10        android:targetSdkVersion="29" />
10-->src/main/AndroidManifest.xml
11
12    <uses-permission android:name="android.permission.WRITE_EXTERNAL_STORAGE" />
12-->src/main/AndroidManifest.xml:10:1-76
12-->src/main/AndroidManifest.xml:10:18-74
13
14    <application>
14-->src/main/AndroidManifest.xml:5:1-9:15
15        <provider
15-->src/main/AndroidManifest.xml:6:1-8:12
16            android:name="org.apache.cordova.camera.FileProvider"
16-->src/main/AndroidManifest.xml:6:11-64
17            android:authorities="${applicationId}.provider"
17-->src/main/AndroidManifest.xml:6:65-112
18            android:exported="false"
18-->src/main/AndroidManifest.xml:6:113-137
19            android:grantUriPermissions="true" >
19-->src/main/AndroidManifest.xml:6:138-172
20            <meta-data
20-->src/main/AndroidManifest.xml:7:3-112
21                android:name="android.support.FILE_PROVIDER_PATHS"
21-->src/main/AndroidManifest.xml:7:14-64
22                android:resource="@xml/camera_provider_paths" />
22-->src/main/AndroidManifest.xml:7:65-110
23        </provider>
24    </application>
25
26</manifest>